<?xml version="1.0" encoding="UTF-8"?>
<!-- Generated by org.testng.reporters.JUnitReportReporter -->
<testsuite hostname="LAPTOP-34I0LF0M" failures="0" tests="1" name="org.amazon.tests.AmazonTests" time="4.068" errors="0" timestamp="2021-08-06T16:58:21 IST" skipped="0">
  <testcase classname="org.amazon.tests.AmazonTests" name="setUp" time="4.068"/>
  <system-out/>
</testsuite> <!-- org.amazon.tests.AmazonTests -->
